\o Program:		@(#)$CDS: libManager version 6.1.7 - CAT35 06/12/2017 16:23 (sjfnl055) $
\o Sub version:		sub-version  s050 
\o Arguments:		-unmapped -mpssession virtuoso181241 -mpshost eeapps03.seas.ucla.edu 
\o Working Directory:	eeapps03.seas.ucla.edu:/w/home.02/class/classger/ECE115C/EE115CProject
\o 64-bit offsets
\o Qt version: 		4.8.5
\o changeWorkingDir("/w/home.02/class/classger/ECE115C/EE115CProject") unnecessary.
\o ddSetForcedLib("") unnecessary.
\o Log file is "/w/home.02/class/classger/ECE115C/EE115CProject/libManager.log".
\o Opening libManager window.
\a nrSetWindowVisibility(cdsLibManager "show")
\o MPS service: map window
\o Library Manager customization server connected.
\a nrSetCurrentWindow(cdsLibManager)
\a nrResizeWindow(cdsLibManager list(261 73 1056 680))
\a _lmgrCloseIconify("cdsLibManager" 1)
\o MPS service: map window
\a nrSetCurrentWindow(cdsLibManager)
\a _lmgrCloseIconify("cdsLibManager" 1)
\o MPS service: shutdown
\o libManager is exiting.
\a nrSetWindowVisibility(cdsLibManager "hide")
\a exit(0)
